#
# A fatal error has been detected by the Java Runtime Environment:
#
#  Internal Error (safepoint.cpp:919), pid=8382, tid=35847
#  fatal error: Illegal threadstate encountered: 4
#
# JRE version: OpenJDK Runtime Environment Temurin-11.0.14.1+1 (11.0.14.1+1) (build 11.0.14.1+1)
# Java VM: OpenJDK 64-Bit Server VM Temurin-11.0.14.1+1 (11.0.14.1+1, mixed mode, tiered, compressed oops, g1 gc, bsd-amd64)
# No core dump will be written. Core dumps have been disabled. To enable core dumping, try "ulimit -c unlimited" before starting Java again
#
# If you would like to submit a bug report, please visit:
#   https://github.com/adoptium/adoptium-support/issues
# The crash happened outside the Java Virtual Machine in native code.
# See problematic frame for where to report the bug.
#

---------------  S U M M A R Y ------------

Command Line: -Dfile.encoding=UTF-8 it.polito.tdp.corsi.Main

Host: MacBookPro12,1 x86_64 2700 MHz, 4 cores, 8G, Darwin 21.3.0
Time: Wed Mar 30 11:29:11 2022 CEST elapsed time: 21.971849 seconds (0d 0h 0m 21s)

---------------  T H R E A D  ---------------

Current thread (0x00007fd729975000):  JavaThread "InvokeLaterDispatcher" daemon [_thread_in_native, id=35847, stack(0x0000700009a6e000,0x0000700009b6e000)]

Stack: [0x0000700009a6e000,0x0000700009b6e000],  sp=0x0000700009b6c320,  free space=1016k
Native frames: (J=compiled Java code, A=aot compiled Java code, j=interpreted, Vv=VM code, C=native code)
V  [libjvm.dylib+0x7c5ab3]  _ZN7VMError14report_and_dieEiPKcS1_P13__va_list_tagP6ThreadPhPvS7_S1_im+0x601
V  [libjvm.dylib+0x276985]  _Z12report_fatal11VMErrorTypePKciS1_z+0xc0
V  [libjvm.dylib+0x69bc15]  _ZN20SafepointSynchronize5blockEP10JavaThread+0x1d9
V  [libjvm.dylib+0x69d183]  _ZN18SafepointMechanism23block_if_requested_slowEP10JavaThread+0x1d
V  [libjvm.dylib+0x77e5c4]  _ZN10JavaThread44check_safepoint_and_suspend_for_native_transEPS_+0x9c
V  [libjvm.dylib+0x3f36ae]  jni_DeleteGlobalRef+0x93
C  [libglass.dylib+0x8871]  -[GlassRunnable dealloc]+0x31
C  [Foundation+0x80eab]  -[_NSThreadPerformInfo dealloc]+0x2a
C  [Foundation+0x4dcd7]  -[NSObject(NSThreadPerformAdditions) performSelectorOnMainThread:withObject:waitUntilDone:]+0x7c
J 2623  com.sun.glass.ui.mac.MacApplication._submitForLaterInvocation(Ljava/lang/Runnable;)V (0 bytes) @ 0x00000001214dc18f [0x00000001214dc0c0+0x00000000000000cf]
J 2520 c1 com.sun.glass.ui.mac.MacApplication.submitForLaterInvocation(Ljava/lang/Runnable;)V (6 bytes) @ 0x000000011a33eeb4 [0x000000011a33ee40+0x0000000000000074]
j  com.sun.glass.ui.InvokeLaterDispatcher.run()V+82
v  ~StubRoutines::call_stub
V  [libjvm.dylib+0x3b7c22]  _ZN9JavaCalls11call_helperEP9JavaValueRK12methodHandleP17JavaCallArgumentsP6Thread+0x1fe
V  [libjvm.dylib+0x3b7088]  _ZN9JavaCalls12call_virtualEP9JavaValueP5KlassP6SymbolS5_P17JavaCallArgumentsP6Thread+0xee
V  [libjvm.dylib+0x3b7144]  _ZN9JavaCalls12call_virtualEP9JavaValue6HandleP5KlassP6SymbolS6_P6Thread+0x62
V  [libjvm.dylib+0x43dfce]  _ZL12thread_entryP10JavaThreadP6Thread+0x78
V  [libjvm.dylib+0x77d03c]  _ZN10JavaThread17thread_main_innerEv+0x82
V  [libjvm.dylib+0x77ce86]  _ZN10JavaThread3runEv+0x122
V  [libjvm.dylib+0x77ada0]  _ZN6Thread8call_runEv+0x68
V  [libjvm.dylib+0x6291d1]  _ZL19thread_native_entryP6Thread+0x139
C  [libsystem_pthread.dylib+0x64f4]  _pthread_start+0x7d
C  [libsystem_pthread.dylib+0x200f]  thread_start+0xf

Java frames: (J=compiled Java code, j=interpreted, Vv=VM code)
J 2623  com.sun.glass.ui.mac.MacApplication._submitForLaterInvocation(Ljava/lang/Runnable;)V (0 bytes) @ 0x00000001214dc11c [0x00000001214dc0c0+0x000000000000005c]
J 2520 c1 com.sun.glass.ui.mac.MacApplication.submitForLaterInvocation(Ljava/lang/Runnable;)V (6 bytes) @ 0x000000011a33eeb4 [0x000000011a33ee40+0x0000000000000074]
j  com.sun.glass.ui.InvokeLaterDispatcher.run()V+82
v  ~StubRoutines::call_stub

---------------  P R O C E S S  ---------------

Threads class SMR info:
_java_thread_list=0x0000600000345700, length=16, elements={
0x00007fd72b011800, 0x00007fd72a020000, 0x00007fd72a021000, 0x00007fd72b083000,
0x00007fd72b08b800, 0x00007fd72a027000, 0x00007fd729863800, 0x00007fd729866800,
0x00007fd729897800, 0x00007fd7298aa000, 0x00007fd729957000, 0x00007fd729975000,
0x00007fd72b129000, 0x00007fd72a2a1000, 0x00007fd729ad4000, 0x00007fd729c06800
}

Java Threads: ( => current thread )
  0x00007fd72b011800 JavaThread "main" [_thread_blocked, id=9731, stack(0x0000700008732000,0x0000700008832000)]
  0x00007fd72a020000 JavaThread "Reference Handler" daemon [_thread_blocked, id=14339, stack(0x0000700008e47000,0x0000700008f47000)]
  0x00007fd72a021000 JavaThread "Finalizer" daemon [_thread_blocked, id=14851, stack(0x0000700008f4a000,0x000070000904a000)]
  0x00007fd72b083000 JavaThread "Signal Dispatcher" daemon [_thread_blocked, id=16899, stack(0x0000700009153000,0x0000700009253000)]
  0x00007fd72b08b800 JavaThread "Service Thread" daemon [_thread_blocked, id=43267, stack(0x0000700009256000,0x0000700009356000)]
  0x00007fd72a027000 JavaThread "C2 CompilerThread0" daemon [_thread_in_native, id=42755, stack(0x0000700009359000,0x0000700009459000)]
  0x00007fd729863800 JavaThread "C1 CompilerThread0" daemon [_thread_blocked, id=22531, stack(0x000070000945c000,0x000070000955c000)]
  0x00007fd729866800 JavaThread "Sweeper thread" daemon [_thread_blocked, id=23043, stack(0x000070000955f000,0x000070000965f000)]
  0x00007fd729897800 JavaThread "Common-Cleaner" daemon [_thread_blocked, id=40963, stack(0x0000700009765000,0x0000700009865000)]
  0x00007fd7298aa000 JavaThread "JavaFX-Launcher" [_thread_blocked, id=40451, stack(0x0000700009868000,0x0000700009968000)]
  0x00007fd729957000 JavaThread "QuantumRenderer-0" daemon [_thread_blocked, id=40195, stack(0x000070000996b000,0x0000700009a6b000)]
=>0x00007fd729975000 JavaThread "InvokeLaterDispatcher" daemon [_thread_in_native, id=35847, stack(0x0000700009a6e000,0x0000700009b6e000)]
  0x00007fd72b129000 JavaThread "JavaFX Application Thread" [_thread_in_native, id=259, stack(0x00007ff7b05a0000,0x00007ff7b0da0000)]
  0x00007fd72a2a1000 JavaThread "Thread-3" daemon [_thread_in_native, id=83467, stack(0x0000700009b71000,0x0000700009bf1000)]
  0x00007fd729ad4000 JavaThread "Prism Font Disposer" daemon [_thread_blocked, id=55839, stack(0x000070000a003000,0x000070000a103000)]
  0x00007fd729c06800 JavaThread "Cleaner-0" daemon [_thread_blocked, id=61963, stack(0x000070000a189000,0x000070000a289000)]

Other Threads:
  0x00007fd72a01d000 VMThread "VM Thread" [stack: 0x0000700008d44000,0x0000700008e44000] [id=13827]
  0x00007fd72a01c000 WatcherThread [stack: 0x0000700009662000,0x0000700009762000] [id=41731]
  0x00007fd72a00a800 GCTaskThread "GC Thread#0" [stack: 0x0000700008835000,0x0000700008935000] [id=11011]
  0x00007fd729990800 GCTaskThread "GC Thread#1" [stack: 0x0000700009cfa000,0x0000700009dfa000] [id=76803]
  0x00007fd729a66800 GCTaskThread "GC Thread#2" [stack: 0x0000700009dfd000,0x0000700009efd000] [id=76547]
  0x00007fd729a6a000 GCTaskThread "GC Thread#3" [stack: 0x0000700009f00000,0x000070000a000000] [id=54019]
  0x00007fd72982a800 ConcurrentGCThread "G1 Main Marker" [stack: 0x0000700008938000,0x0000700008a38000] [id=11267]
  0x00007fd72b012000 ConcurrentGCThread "G1 Conc#0" [stack: 0x0000700008a3b000,0x0000700008b3b000] [id=12035]
  0x00007fd72b063000 ConcurrentGCThread "G1 Refine#0" [stack: 0x0000700008b3e000,0x0000700008c3e000] [id=12547]
  0x00007fd72b80a000 ConcurrentGCThread "G1 Young RemSet Sampling" [stack: 0x0000700008c41000,0x0000700008d41000] [id=19715]

Threads with active compile tasks:

VM state:not at safepoint (normal execution)

VM Mutex/Monitor currently owned by a thread: None

Heap address: 0x0000000780000000, size: 2048 MB, Compressed Oops mode: Zero based, Oop shift amount: 3
Narrow klass base: 0x0000000800000000, Narrow klass shift: 0
Compressed class space size: 1073741824 Address: 0x0000000800000000

Heap:
 garbage-first heap   total 131072K, used 15668K [0x0000000780000000, 0x0000000800000000)
  region size 1024K, 7 young (7168K), 2 survivors (2048K)
 Metaspace       used 24823K, capacity 25763K, committed 25856K, reserved 1071104K
  class space    used 3122K, capacity 3536K, committed 3584K, reserved 1048576K
Heap Regions: E=young(eden), S=young(survivor), O=old, HS=humongous(starts), HC=humongous(continues), CS=collection set, F=free, A=archive, TAMS=top-at-mark-start (previous, next)
|   0|0x0000000780000000, 0x0000000780100000, 0x0000000780100000|100%| O|  |TAMS 0x00000007800a4000, 0x0000000780000000| Untracked 
|   1|0x0000000780100000, 0x0000000780200000, 0x0000000780200000|100%|HS|  |TAMS 0x0000000780100000, 0x0000000780100000| Complete 
|   2|0x0000000780200000, 0x0000000780300000, 0x0000000780300000|100%|HS|  |TAMS 0x0000000780200000, 0x0000000780200000| Complete 
|   3|0x0000000780300000, 0x0000000780400000, 0x0000000780400000|100%|HC|  |TAMS 0x0000000780300000, 0x0000000780300000| Complete 
|   4|0x0000000780400000, 0x0000000780500000, 0x0000000780500000|100%| O|  |TAMS 0x0000000780400000, 0x0000000780400000| Untracked 
|   5|0x0000000780500000, 0x0000000780600000, 0x0000000780600000|100%| O|  |TAMS 0x0000000780500000, 0x0000000780500000| Untracked 
|   6|0x0000000780600000, 0x0000000780700000, 0x0000000780700000|100%| O|  |TAMS 0x0000000780600000, 0x0000000780600000| Untracked 
|   7|0x0000000780700000, 0x0000000780800000, 0x0000000780800000|100%| O|  |TAMS 0x0000000780700000, 0x0000000780700000| Untracked 
|   8|0x0000000780800000, 0x0000000780900000, 0x0000000780900000|100%| O|  |TAMS 0x0000000780800000, 0x0000000780800000| Untracked 
|   9|0x0000000780900000, 0x00000007809ba200, 0x0000000780a00000| 72%| O|  |TAMS 0x0000000780900000, 0x0000000780900000| Untracked 
|  10|0x0000000780a00000, 0x0000000780a00000, 0x0000000780b00000|  0%| F|  |TAMS 0x0000000780a00000, 0x0000000780a00000| Untracked 
|  11|0x0000000780b00000, 0x0000000780b00000, 0x0000000780c00000|  0%| F|  |TAMS 0x0000000780b00000, 0x0000000780b00000| Untracked 
|  12|0x0000000780c00000, 0x0000000780c00000, 0x0000000780d00000|  0%| F|  |TAMS 0x0000000780c00000, 0x0000000780c00000| Untracked 
|  13|0x0000000780d00000, 0x0000000780d00000, 0x0000000780e00000|  0%| F|  |TAMS 0x0000000780d00000, 0x0000000780d00000| Untracked 
|  14|0x0000000780e00000, 0x0000000780e00000, 0x0000000780f00000|  0%| F|  |TAMS 0x0000000780e00000, 0x0000000780e00000| Untracked 
|  15|0x0000000780f00000, 0x0000000780f00000, 0x0000000781000000|  0%| F|  |TAMS 0x0000000780f00000, 0x0000000780f00000| Untracked 
|  16|0x0000000781000000, 0x0000000781000000, 0x0000000781100000|  0%| F|  |TAMS 0x0000000781000000, 0x0000000781000000| Untracked 
|  17|0x0000000781100000, 0x0000000781100000, 0x0000000781200000|  0%| F|  |TAMS 0x0000000781100000, 0x0000000781100000| Untracked 
|  18|0x0000000781200000, 0x0000000781200000, 0x0000000781300000|  0%| F|  |TAMS 0x0000000781200000, 0x0000000781200000| Untracked 
|  19|0x0000000781300000, 0x0000000781300000, 0x0000000781400000|  0%| F|  |TAMS 0x0000000781300000, 0x0000000781300000| Untracked 
|  20|0x0000000781400000, 0x0000000781400000, 0x0000000781500000|  0%| F|  |TAMS 0x0000000781400000, 0x0000000781400000| Untracked 
|  21|0x0000000781500000, 0x0000000781500000, 0x0000000781600000|  0%| F|  |TAMS 0x0000000781500000, 0x0000000781500000| Untracked 
|  22|0x0000000781600000, 0x0000000781600000, 0x0000000781700000|  0%| F|  |TAMS 0x0000000781600000, 0x0000000781600000| Untracked 
|  23|0x0000000781700000, 0x0000000781700000, 0x0000000781800000|  0%| F|  |TAMS 0x0000000781700000, 0x0000000781700000| Untracked 
|  24|0x0000000781800000, 0x0000000781800000, 0x0000000781900000|  0%| F|  |TAMS 0x0000000781800000, 0x0000000781800000| Untracked 
|  25|0x0000000781900000, 0x0000000781900000, 0x0000000781a00000|  0%| F|  |TAMS 0x0000000781900000, 0x0000000781900000| Untracked 
|  26|0x0000000781a00000, 0x0000000781a00000, 0x0000000781b00000|  0%| F|  |TAMS 0x0000000781a00000, 0x0000000781a00000| Untracked 
|  27|0x0000000781b00000, 0x0000000781b00000, 0x0000000781c00000|  0%| F|  |TAMS 0x0000000781b00000, 0x0000000781b00000| Untracked 
|  28|0x0000000781c00000, 0x0000000781c00000, 0x0000000781d00000|  0%| F|  |TAMS 0x0000000781c00000, 0x0000000781c00000| Untracked 
|  29|0x0000000781d00000, 0x0000000781d00000, 0x0000000781e00000|  0%| F|  |TAMS 0x0000000781d00000, 0x0000000781d00000| Untracked 
|  30|0x0000000781e00000, 0x0000000781e00000, 0x0000000781f00000|  0%| F|  |TAMS 0x0000000781e00000, 0x0000000781e00000| Untracked 
|  31|0x0000000781f00000, 0x0000000781f00000, 0x0000000782000000|  0%| F|  |TAMS 0x0000000781f00000, 0x0000000781f00000| Untracked 
|  32|0x0000000782000000, 0x0000000782000000, 0x0000000782100000|  0%| F|  |TAMS 0x0000000782000000, 0x0000000782000000| Untracked 
|  33|0x0000000782100000, 0x0000000782100000, 0x0000000782200000|  0%| F|  |TAMS 0x0000000782100000, 0x0000000782100000| Untracked 
|  34|0x0000000782200000, 0x0000000782200000, 0x0000000782300000|  0%| F|  |TAMS 0x0000000782200000, 0x0000000782200000| Untracked 
|  35|0x0000000782300000, 0x0000000782300000, 0x0000000782400000|  0%| F|  |TAMS 0x0000000782300000, 0x0000000782300000| Untracked 
|  36|0x0000000782400000, 0x0000000782400000, 0x0000000782500000|  0%| F|  |TAMS 0x0000000782400000, 0x0000000782400000| Untracked 
|  37|0x0000000782500000, 0x0000000782500000, 0x0000000782600000|  0%| F|  |TAMS 0x0000000782500000, 0x0000000782500000| Untracked 
|  38|0x0000000782600000, 0x0000000782600000, 0x0000000782700000|  0%| F|  |TAMS 0x0000000782600000, 0x0000000782600000| Untracked 
|  39|0x0000000782700000, 0x0000000782700000, 0x0000000782800000|  0%| F|  |TAMS 0x0000000782700000, 0x0000000782700000| Untracked 
|  40|0x0000000782800000, 0x0000000782800000, 0x0000000782900000|  0%| F|  |TAMS 0x0000000782800000, 0x0000000782800000| Untracked 
|  41|0x0000000782900000, 0x0000000782900000, 0x0000000782a00000|  0%| F|  |TAMS 0x0000000782900000, 0x0000000782900000| Untracked 
|  42|0x0000000782a00000, 0x0000000782a00000, 0x0000000782b00000|  0%| F|  |TAMS 0x0000000782a00000, 0x0000000782a00000| Untracked 
|  43|0x0000000782b00000, 0x0000000782b00000, 0x0000000782c00000|  0%| F|  |TAMS 0x0000000782b00000, 0x0000000782b00000| Untracked 
|  44|0x0000000782c00000, 0x0000000782c00000, 0x0000000782d00000|  0%| F|  |TAMS 0x0000000782c00000, 0x0000000782c00000| Untracked 
|  45|0x0000000782d00000, 0x0000000782d00000, 0x0000000782e00000|  0%| F|  |TAMS 0x0000000782d00000, 0x0000000782d00000| Untracked 
|  46|0x0000000782e00000, 0x0000000782e00000, 0x0000000782f00000|  0%| F|  |TAMS 0x0000000782e00000, 0x0000000782e00000| Untracked 
|  47|0x0000000782f00000, 0x0000000782f00000, 0x0000000783000000|  0%| F|  |TAMS 0x0000000782f00000, 0x0000000782f00000| Untracked 
|  48|0x0000000783000000, 0x0000000783000000, 0x0000000783100000|  0%| F|  |TAMS 0x0000000783000000, 0x0000000783000000| Untracked 
|  49|0x0000000783100000, 0x0000000783100000, 0x0000000783200000|  0%| F|  |TAMS 0x0000000783100000, 0x0000000783100000| Untracked 
|  50|0x0000000783200000, 0x0000000783200000, 0x0000000783300000|  0%| F|  |TAMS 0x0000000783200000, 0x0000000783200000| Untracked 
|  51|0x0000000783300000, 0x0000000783300000, 0x0000000783400000|  0%| F|  |TAMS 0x0000000783300000, 0x0000000783300000| Untracked 
|  52|0x0000000783400000, 0x0000000783400000, 0x0000000783500000|  0%| F|  |TAMS 0x0000000783400000, 0x0000000783400000| Untracked 
|  53|0x0000000783500000, 0x0000000783500000, 0x0000000783600000|  0%| F|  |TAMS 0x0000000783500000, 0x0000000783500000| Untracked 
|  54|0x0000000783600000, 0x0000000783600000, 0x0000000783700000|  0%| F|  |TAMS 0x0000000783600000, 0x0000000783600000| Untracked 
|  55|0x0000000783700000, 0x0000000783700000, 0x0000000783800000|  0%| F|  |TAMS 0x0000000783700000, 0x0000000783700000| Untracked 
|  56|0x0000000783800000, 0x0000000783800000, 0x0000000783900000|  0%| F|  |TAMS 0x0000000783800000, 0x0000000783800000| Untracked 
|  57|0x0000000783900000, 0x0000000783900000, 0x0000000783a00000|  0%| F|  |TAMS 0x0000000783900000, 0x0000000783900000| Untracked 
|  58|0x0000000783a00000, 0x0000000783a00000, 0x0000000783b00000|  0%| F|  |TAMS 0x0000000783a00000, 0x0000000783a00000| Untracked 
|  59|0x0000000783b00000, 0x0000000783b00000, 0x0000000783c00000|  0%| F|  |TAMS 0x0000000783b00000, 0x0000000783b00000| Untracked 
|  60|0x0000000783c00000, 0x0000000783c00000, 0x0000000783d00000|  0%| F|  |TAMS 0x0000000783c00000, 0x0000000783c00000| Untracked 
|  61|0x0000000783d00000, 0x0000000783d00000, 0x0000000783e00000|  0%| F|  |TAMS 0x0000000783d00000, 0x0000000783d00000| Untracked 
|  62|0x0000000783e00000, 0x0000000783e00000, 0x0000000783f00000|  0%| F|  |TAMS 0x0000000783e00000, 0x0000000783e00000| Untracked 
|  63|0x0000000783f00000, 0x0000000783f00000, 0x0000000784000000|  0%| F|  |TAMS 0x0000000783f00000, 0x0000000783f00000| Untracked 
|  64|0x0000000784000000, 0x0000000784000000, 0x0000000784100000|  0%| F|  |TAMS 0x0000000784000000, 0x0000000784000000| Untracked 
|  65|0x0000000784100000, 0x0000000784100000, 0x0000000784200000|  0%| F|  |TAMS 0x0000000784100000, 0x0000000784100000| Untracked 
|  66|0x0000000784200000, 0x0000000784200000, 0x0000000784300000|  0%| F|  |TAMS 0x0000000784200000, 0x0000000784200000| Untracked 
|  67|0x0000000784300000, 0x0000000784300000, 0x0000000784400000|  0%| F|  |TAMS 0x0000000784300000, 0x0000000784300000| Untracked 
|  68|0x0000000784400000, 0x0000000784400000, 0x0000000784500000|  0%| F|  |TAMS 0x0000000784400000, 0x0000000784400000| Untracked 
|  69|0x0000000784500000, 0x0000000784500000, 0x0000000784600000|  0%| F|  |TAMS 0x0000000784500000, 0x0000000784500000| Untracked 
|  70|0x0000000784600000, 0x0000000784600000, 0x0000000784700000|  0%| F|  |TAMS 0x0000000784600000, 0x0000000784600000| Untracked 
|  71|0x0000000784700000, 0x0000000784700000, 0x0000000784800000|  0%| F|  |TAMS 0x0000000784700000, 0x0000000784700000| Untracked 
|  72|0x0000000784800000, 0x0000000784800000, 0x0000000784900000|  0%| F|  |TAMS 0x0000000784800000, 0x0000000784800000| Untracked 
|  73|0x0000000784900000, 0x0000000784900000, 0x0000000784a00000|  0%| F|  |TAMS 0x0000000784900000, 0x0000000784900000| Untracked 
|  74|0x0000000784a00000, 0x0000000784a00000, 0x0000000784b00000|  0%| F|  |TAMS 0x0000000784a00000, 0x0000000784a00000| Untracked 
|  75|0x0000000784b00000, 0x0000000784b00000, 0x0000000784c00000|  0%| F|  |TAMS 0x0000000784b00000, 0x0000000784b00000| Untracked 
|  76|0x0000000784c00000, 0x0000000784c00000, 0x0000000784d00000|  0%| F|  |TAMS 0x0000000784c00000, 0x0000000784c00000| Untracked 
|  77|0x0000000784d00000, 0x0000000784d00000, 0x0000000784e00000|  0%| F|  |TAMS 0x0000000784d00000, 0x0000000784d00000| Untracked 
|  78|0x0000000784e00000, 0x0000000784e00000, 0x0000000784f00000|  0%| F|  |TAMS 0x0000000784e00000, 0x0000000784e00000| Untracked 
|  79|0x0000000784f00000, 0x0000000784f00000, 0x0000000785000000|  0%| F|  |TAMS 0x0000000784f00000, 0x0000000784f00000| Untracked 
|  80|0x0000000785000000, 0x0000000785000000, 0x0000000785100000|  0%| F|  |TAMS 0x0000000785000000, 0x0000000785000000| Untracked 
|  81|0x0000000785100000, 0x0000000785100000, 0x0000000785200000|  0%| F|  |TAMS 0x0000000785100000, 0x0000000785100000| Untracked 
|  82|0x0000000785200000, 0x0000000785200000, 0x0000000785300000|  0%| F|  |TAMS 0x0000000785200000, 0x0000000785200000| Untracked 
|  83|0x0000000785300000, 0x0000000785300000, 0x0000000785400000|  0%| F|  |TAMS 0x0000000785300000, 0x0000000785300000| Untracked 
|  84|0x0000000785400000, 0x0000000785400000, 0x0000000785500000|  0%| F|  |TAMS 0x0000000785400000, 0x0000000785400000| Untracked 
|  85|0x0000000785500000, 0x0000000785500000, 0x0000000785600000|  0%| F|  |TAMS 0x0000000785500000, 0x0000000785500000| Untracked 
|  86|0x0000000785600000, 0x0000000785600000, 0x0000000785700000|  0%| F|  |TAMS 0x0000000785600000, 0x0000000785600000| Untracked 
|  87|0x0000000785700000, 0x0000000785700000, 0x0000000785800000|  0%| F|  |TAMS 0x0000000785700000, 0x0000000785700000| Untracked 
|  88|0x0000000785800000, 0x0000000785800000, 0x0000000785900000|  0%| F|  |TAMS 0x0000000785800000, 0x0000000785800000| Untracked 
|  89|0x0000000785900000, 0x0000000785900000, 0x0000000785a00000|  0%| F|  |TAMS 0x0000000785900000, 0x0000000785900000| Untracked 
|  90|0x0000000785a00000, 0x0000000785a00000, 0x0000000785b00000|  0%| F|  |TAMS 0x0000000785a00000, 0x0000000785a00000| Untracked 
|  91|0x0000000785b00000, 0x0000000785b00000, 0x0000000785c00000|  0%| F|  |TAMS 0x0000000785b00000, 0x0000000785b00000| Untracked 
|  92|0x0000000785c00000, 0x0000000785c00000, 0x0000000785d00000|  0%| F|  |TAMS 0x0000000785c00000, 0x0000000785c00000| Untracked 
|  93|0x0000000785d00000, 0x0000000785d00000, 0x0000000785e00000|  0%| F|  |TAMS 0x0000000785d00000, 0x0000000785d00000| Untracked 
|  94|0x0000000785e00000, 0x0000000785e00000, 0x0000000785f00000|  0%| F|  |TAMS 0x0000000785e00000, 0x0000000785e00000| Untracked 
|  95|0x0000000785f00000, 0x0000000785f00000, 0x0000000786000000|  0%| F|  |TAMS 0x0000000785f00000, 0x0000000785f00000| Untracked 
|  96|0x0000000786000000, 0x0000000786000000, 0x0000000786100000|  0%| F|  |TAMS 0x0000000786000000, 0x0000000786000000| Untracked 
|  97|0x0000000786100000, 0x0000000786100000, 0x0000000786200000|  0%| F|  |TAMS 0x0000000786100000, 0x0000000786100000| Untracked 
|  98|0x0000000786200000, 0x0000000786200000, 0x0000000786300000|  0%| F|  |TAMS 0x0000000786200000, 0x0000000786200000| Untracked 
|  99|0x0000000786300000, 0x0000000786300000, 0x0000000786400000|  0%| F|  |TAMS 0x0000000786300000, 0x0000000786300000| Untracked 
| 100|0x0000000786400000, 0x0000000786400000, 0x0000000786500000|  0%| F|  |TAMS 0x0000000786400000, 0x0000000786400000| Untracked 
| 101|0x0000000786500000, 0x0000000786500000, 0x0000000786600000|  0%| F|  |TAMS 0x0000000786500000, 0x0000000786500000| Untracked 
| 102|0x0000000786600000, 0x0000000786600000, 0x0000000786700000|  0%| F|  |TAMS 0x0000000786600000, 0x0000000786600000| Untracked 
| 103|0x0000000786700000, 0x0000000786700000, 0x0000000786800000|  0%| F|  |TAMS 0x0000000786700000, 0x0000000786700000| Untracked 
| 104|0x0000000786800000, 0x0000000786800000, 0x0000000786900000|  0%| F|  |TAMS 0x0000000786800000, 0x0000000786800000| Untracked 
| 105|0x0000000786900000, 0x0000000786900000, 0x0000000786a00000|  0%| F|  |TAMS 0x0000000786900000, 0x0000000786900000| Untracked 
| 106|0x0000000786a00000, 0x0000000786a00000, 0x0000000786b00000|  0%| F|  |TAMS 0x0000000786a00000, 0x0000000786a00000| Untracked 
| 107|0x0000000786b00000, 0x0000000786b00000, 0x0000000786c00000|  0%| F|  |TAMS 0x0000000786b00000, 0x0000000786b00000| Untracked 
| 108|0x0000000786c00000, 0x0000000786c00000, 0x0000000786d00000|  0%| F|  |TAMS 0x0000000786c00000, 0x0000000786c00000| Untracked 
| 109|0x0000000786d00000, 0x0000000786d00000, 0x0000000786e00000|  0%| F|  |TAMS 0x0000000786d00000, 0x0000000786d00000| Untracked 
| 110|0x0000000786e00000, 0x0000000786e00000, 0x0000000786f00000|  0%| F|  |TAMS 0x0000000786e00000, 0x0000000786e00000| Untracked 
| 111|0x0000000786f00000, 0x0000000786f00000, 0x0000000787000000|  0%| F|  |TAMS 0x0000000786f00000, 0x0000000786f00000| Untracked 
| 112|0x0000000787000000, 0x0000000787000000, 0x0000000787100000|  0%| F|  |TAMS 0x0000000787000000, 0x0000000787000000| Untracked 
| 113|0x0000000787100000, 0x0000000787100000, 0x0000000787200000|  0%| F|  |TAMS 0x0000000787100000, 0x0000000787100000| Untracked 
| 114|0x0000000787200000, 0x00000007872931d0, 0x0000000787300000| 57%| S|CS|TAMS 0x0000000787200000, 0x0000000787200000| Complete 
| 115|0x0000000787300000, 0x0000000787400000, 0x0000000787400000|100%| S|CS|TAMS 0x0000000787300000, 0x0000000787300000| Complete 
| 116|0x0000000787400000, 0x0000000787400000, 0x0000000787500000|  0%| F|  |TAMS 0x0000000787400000, 0x0000000787400000| Untracked 
| 117|0x0000000787500000, 0x0000000787500000, 0x0000000787600000|  0%| F|  |TAMS 0x0000000787500000, 0x0000000787500000| Untracked 
| 118|0x0000000787600000, 0x0000000787600000, 0x0000000787700000|  0%| F|  |TAMS 0x0000000787600000, 0x0000000787600000| Untracked 
| 119|0x0000000787700000, 0x0000000787700000, 0x0000000787800000|  0%| F|  |TAMS 0x0000000787700000, 0x0000000787700000| Untracked 
| 120|0x0000000787800000, 0x0000000787800000, 0x0000000787900000|  0%| F|  |TAMS 0x0000000787800000, 0x0000000787800000| Untracked 
| 121|0x0000000787900000, 0x0000000787900000, 0x0000000787a00000|  0%| F|  |TAMS 0x0000000787900000, 0x0000000787900000| Untracked 
| 122|0x0000000787a00000, 0x0000000787a00000, 0x0000000787b00000|  0%| F|  |TAMS 0x0000000787a00000, 0x0000000787a00000| Untracked 
| 123|0x0000000787b00000, 0x0000000787b75280, 0x0000000787c00000| 45%| E|  |TAMS 0x0000000787b00000, 0x0000000787b00000| Complete 
| 124|0x0000000787c00000, 0x0000000787d00000, 0x0000000787d00000|100%| E|CS|TAMS 0x0000000787c00000, 0x0000000787c00000| Complete 
| 125|0x0000000787d00000, 0x0000000787e00000, 0x0000000787e00000|100%| E|CS|TAMS 0x0000000787d00000, 0x0000000787d00000| Complete 
| 126|0x0000000787e00000, 0x0000000787f00000, 0x0000000787f00000|100%| E|CS|TAMS 0x0000000787e00000, 0x0000000787e00000| Complete 
| 127|0x0000000787f00000, 0x0000000788000000, 0x0000000788000000|100%| E|CS|TAMS 0x0000000787f00000, 0x0000000787f00000| Complete 

Card table byte_map: [0x000000010f92e000,0x000000010fd2e000] _byte_map_base: 0x000000010bd2e000

Marking Bits (Prev, Next): (CMBitMap*) 0x00007fd729822050, (CMBitMap*) 0x00007fd729822018
 Prev Bits: [0x000000012a903000, 0x000000012c903000)
 Next Bits: [0x0000000128903000, 0x000000012a903000)

Polling page: 0x000000010f29f000

Metaspace:

Usage:
  Non-class:     21.71 MB capacity,    21.19 MB ( 98%) used,   418.56 KB (  2%) free+waste,   107.06 KB ( <1%) overhead. 
      Class:      3.45 MB capacity,     3.05 MB ( 88%) used,   358.54 KB ( 10%) free+waste,    54.94 KB (  2%) overhead. 
       Both:     25.16 MB capacity,    24.24 MB ( 96%) used,   777.10 KB (  3%) free+waste,   162.00 KB ( <1%) overhead. 

Virtual space:
  Non-class space:       22.00 MB reserved,      21.75 MB ( 99%) committed 
      Class space:        1.00 GB reserved,       3.50 MB ( <1%) committed 
             Both:        1.02 GB reserved,      25.25 MB (  2%) committed 

Chunk freelists:
   Non-Class:  45.00 KB
       Class:  16.00 KB
        Both:  61.00 KB

MaxMetaspaceSize: unlimited
CompressedClassSpaceSize: 1.00 GB
Initial GC threshold: 20.80 MB
Current GC threshold: 35.00 MB
CDS: off

CodeHeap 'non-profiled nmethods': size=120032Kb used=1143Kb max_used=1143Kb free=118888Kb
 bounds [0x00000001213cb000, 0x000000012163b000, 0x0000000128903000]
CodeHeap 'profiled nmethods': size=120032Kb used=5293Kb max_used=5293Kb free=114738Kb
 bounds [0x0000000119e93000, 0x000000011a3c3000, 0x00000001213cb000]
CodeHeap 'non-nmethods': size=5696Kb used=1437Kb max_used=1466Kb free=4258Kb
 bounds [0x0000000119903000, 0x0000000119b73000, 0x0000000119e93000]
 total_blobs=3512 nmethods=2735 adapters=690
 compilation: enabled
              stopped_count=0, restarted_count=0
 full_count=0

Compilation events (20 events):
Event: 19.590 Thread 0x00007fd729863800 nmethod 2721 0x000000011a3b3990 code [0x000000011a3b3b80, 0x000000011a3b4200]
Event: 19.596 Thread 0x00007fd729863800 2722       3       javafx.scene.Scene$MouseHandler::access$1200 (7 bytes)
Event: 19.597 Thread 0x00007fd729863800 nmethod 2722 0x000000011a3b4410 code [0x000000011a3b45c0, 0x000000011a3b46c0]
Event: 19.597 Thread 0x00007fd729863800 2723       3       javafx.scene.Scene$MouseHandler::process (735 bytes)
Event: 19.601 Thread 0x00007fd729863800 nmethod 2723 0x000000011a3b4790 code [0x000000011a3b4da0, 0x000000011a3b83d0]
Event: 19.621 Thread 0x00007fd729863800 2724       3       javafx.event.Event::consume (6 bytes)
Event: 19.621 Thread 0x00007fd729863800 nmethod 2724 0x000000011a3b9410 code [0x000000011a3b95c0, 0x000000011a3b96b0]
Event: 19.670 Thread 0x00007fd729863800 2725       3       com.sun.javafx.scene.input.PickResultChooser::computePoint (55 bytes)
Event: 19.670 Thread 0x00007fd729863800 nmethod 2725 0x000000011a3b9790 code [0x000000011a3b9960, 0x000000011a3b9bf0]
Event: 19.670 Thread 0x00007fd729863800 2726       3       com.sun.javafx.scene.input.PickResultChooser::processOffer (146 bytes)
Event: 19.672 Thread 0x00007fd729863800 nmethod 2726 0x000000011a3b9d90 code [0x000000011a3ba000, 0x000000011a3bad20]
Event: 19.694 Thread 0x00007fd729863800 2727       3       javafx.scene.control.SkinBase$$Lambda$199/0x000000080026ac40::handle (8 bytes)
Event: 19.695 Thread 0x00007fd729863800 nmethod 2727 0x000000011a3bb110 code [0x000000011a3bb2e0, 0x000000011a3bb630]
Event: 19.695 Thread 0x00007fd729863800 2728       3       javafx.scene.control.SkinBase::lambda$static$0 (5 bytes)
Event: 19.696 Thread 0x00007fd729863800 nmethod 2728 0x000000011a3bb790 code [0x000000011a3bb940, 0x000000011a3bbb10]
Event: 19.725 Thread 0x00007fd72a027000 nmethod 2701 0x00000001214e1410 code [0x00000001214e1820, 0x00000001214e51e8]
Event: 19.725 Thread 0x00007fd72a027000 2702       4       com.sun.javafx.css.ParsedValueImpl::<init> (38 bytes)
Event: 19.738 Thread 0x00007fd72a027000 nmethod 2702 0x00000001214e6f10 code [0x00000001214e70c0, 0x00000001214e7638]
Event: 21.264 Thread 0x00007fd72a027000 2729       4       java.util.ArrayList$Itr::next (66 bytes)
Event: 21.266 Thread 0x00007fd72a027000 nmethod 2729 0x00000001214e7910 code [0x00000001214e7aa0, 0x00000001214e7bb8]

GC Heap History (6 events):
Event: 1.355 GC heap before
{Heap before GC invocations=0 (full 0):
 garbage-first heap   total 131072K, used 14336K [0x0000000780000000, 0x0000000800000000)
  region size 1024K, 14 young (14336K), 0 survivors (0K)
 Metaspace       used 10275K, capacity 10577K, committed 10752K, reserved 1058816K
  class space    used 1032K, capacity 1170K, committed 1280K, reserved 1048576K
}
Event: 1.359 GC heap after
{Heap after GC invocations=1 (full 0):
 garbage-first heap   total 131072K, used 2703K [0x0000000780000000, 0x0000000800000000)
  region size 1024K, 2 young (2048K), 2 survivors (2048K)
 Metaspace       used 10275K, capacity 10577K, committed 10752K, reserved 1058816K
  class space    used 1032K, capacity 1170K, committed 1280K, reserved 1048576K
}
Event: 3.993 GC heap before
{Heap before GC invocations=1 (full 0):
 garbage-first heap   total 131072K, used 29327K [0x0000000780000000, 0x0000000800000000)
  region size 1024K, 29 young (29696K), 2 survivors (2048K)
 Metaspace       used 20388K, capacity 21130K, committed 21248K, reserved 1067008K
  class space    used 2469K, capacity 2771K, committed 2816K, reserved 1048576K
}
Event: 4.015 GC heap after
{Heap after GC invocations=2 (full 0):
 garbage-first heap   total 131072K, used 6949K [0x0000000780000000, 0x0000000800000000)
  region size 1024K, 7 young (7168K), 7 survivors (7168K)
 Metaspace       used 20388K, capacity 21130K, committed 21248K, reserved 1067008K
  class space    used 2469K, capacity 2771K, committed 2816K, reserved 1048576K
}
Event: 4.876 GC heap before
{Heap before GC invocations=3 (full 0):
 garbage-first heap   total 131072K, used 22309K [0x0000000780000000, 0x0000000800000000)
  region size 1024K, 19 young (19456K), 7 survivors (7168K)
 Metaspace       used 23759K, capacity 24711K, committed 24960K, reserved 1071104K
  class space    used 3054K, capacity 3443K, committed 3456K, reserved 1048576K
}
Event: 4.887 GC heap after
{Heap after GC invocations=4 (full 0):
 garbage-first heap   total 131072K, used 11572K [0x0000000780000000, 0x0000000800000000)
  region size 1024K, 2 young (2048K), 2 survivors (2048K)
 Metaspace       used 23759K, capacity 24711K, committed 24960K, reserved 1071104K
  class space    used 3054K, capacity 3443K, committed 3456K, reserved 1048576K
}

Deoptimization events (20 events):
Event: 5.652 Thread 0x00007fd729957000 DEOPT PACKING pc=0x000000011a26b2f4 sp=0x0000700009a68950
Event: 5.652 Thread 0x00007fd729957000 DEOPT UNPACKING pc=0x000000011994d64a sp=0x0000700009a67da8 mode 0
Event: 5.653 Thread 0x00007fd729957000 DEOPT PACKING pc=0x000000011a27555d sp=0x0000700009a68a90
Event: 5.653 Thread 0x00007fd729957000 DEOPT UNPACKING pc=0x000000011994d64a sp=0x0000700009a67f40 mode 0
Event: 6.149 Thread 0x00007fd729957000 DEOPT PACKING pc=0x000000011a26b2f4 sp=0x0000700009a68950
Event: 6.149 Thread 0x00007fd729957000 DEOPT UNPACKING pc=0x000000011994d64a sp=0x0000700009a67da8 mode 0
Event: 6.151 Thread 0x00007fd729957000 DEOPT PACKING pc=0x000000011a26b2f4 sp=0x0000700009a68950
Event: 6.151 Thread 0x00007fd729957000 DEOPT UNPACKING pc=0x000000011994d64a sp=0x0000700009a67da8 mode 0
Event: 6.346 Thread 0x00007fd72b129000 Uncommon trap: trap_request=0xffffff4d fr.pc=0x0000000121448a28 relative=0x00000000000010e8
Event: 6.346 Thread 0x00007fd72b129000 Uncommon trap: reason=unstable_if action=reinterpret pc=0x0000000121448a28 method=java.util.concurrent.ConcurrentHashMap.putVal(Ljava/lang/Object;Ljava/lang/Object;Z)Ljava/lang/Object; @ 148 c2
Event: 6.346 Thread 0x00007fd72b129000 DEOPT PACKING pc=0x0000000121448a28 sp=0x00007ff7b0d95f90
Event: 6.346 Thread 0x00007fd72b129000 DEOPT UNPACKING pc=0x000000011994cea5 sp=0x00007ff7b0d95f30 mode 2
Event: 6.363 Thread 0x00007fd729957000 Uncommon trap: trap_request=0xffffff4d fr.pc=0x00000001214b04d4 relative=0x0000000000002d34
Event: 6.363 Thread 0x00007fd729957000 Uncommon trap: reason=unstable_if action=reinterpret pc=0x00000001214b04d4 method=com.sun.marlin.DRenderer._endRendering(IILcom/sun/marlin/MarlinAlphaConsumer;)V @ 2410 c2
Event: 6.363 Thread 0x00007fd729957000 DEOPT PACKING pc=0x00000001214b04d4 sp=0x0000700009a69620
Event: 6.363 Thread 0x00007fd729957000 DEOPT UNPACKING pc=0x000000011994cea5 sp=0x0000700009a694b8 mode 2
Event: 6.949 Thread 0x00007fd729957000 DEOPT PACKING pc=0x000000011a2cf4f9 sp=0x0000700009a69560
Event: 6.949 Thread 0x00007fd729957000 DEOPT UNPACKING pc=0x000000011994d64a sp=0x0000700009a689b8 mode 0
Event: 16.384 Thread 0x00007fd729957000 DEOPT PACKING pc=0x000000011a2cef74 sp=0x0000700009a69560
Event: 16.384 Thread 0x00007fd729957000 DEOPT UNPACKING pc=0x000000011994d64a sp=0x0000700009a689b8 mode 0

Classes redefined (0 events):
No events

Internal exceptions (20 events):
Event: 1.737 Thread 0x00007fd72b129000 Exception <a 'java/lang/NoSuchMethodError'{0x000000078783f388}: 'java.lang.Object java.lang.invoke.Invokers$Holder.linkToTargetMethod(java.lang.Object, int, java.lang.Object, java.lang.Object)'> (0x000000078783f388) thrown at [./src/hotspot/share/interpreter/linkResolver.cpp, line 773]
Event: 2.142 Thread 0x00007fd72b129000 Exception <a 'java/lang/NoSuchMethodError'{0x0000000787351f50}: 'void java.lang.invoke.DirectMethodHandle$Holder.invokeStaticInit(java.lang.Object, java.lang.Object)'> (0x0000000787351f50) thrown at [./src/hotspot/share/interpreter/linkResolver.cpp, line 773]
Event: 2.176 Thread 0x00007fd72b129000 Exception <a 'java/lang/NoSuchMethodError'{0x00000007873bfd68}: 'void java.lang.invoke.DirectMethodHandle$Holder.invokeSpecial(java.lang.Object, java.lang.Object, java.lang.Object, java.lang.Object)'> (0x00000007873bfd68) thrown at [./src/hotspot/share/interpreter/linkResolver.cpp, line 773]
Event: 2.621 Thread 0x00007fd72b129000 Implicit null exception at 0x000000012142b115 to 0x000000012142b524
Event: 2.621 Thread 0x00007fd72b129000 Implicit null exception at 0x0000000121436978 to 0x0000000121436a06
Event: 3.678 Thread 0x00007fd72b129000 Exception <a 'java/lang/NoSuchMethodError'{0x000000078674ae90}: 'java.lang.Object java.lang.invoke.Invokers$Holder.linkToTargetMethod(java.lang.Object, int, java.lang.Object)'> (0x000000078674ae90) thrown at [./src/hotspot/share/interpreter/linkResolver.cpp, line 773]
Event: 4.216 Thread 0x00007fd72b129000 Exception <a 'java/lang/NoSuchMethodError'{0x0000000787d6dd58}: 'java.lang.Object java.lang.invoke.DirectMethodHandle$Holder.invokeInterface(java.lang.Object, java.lang.Object, java.lang.Object)'> (0x0000000787d6dd58) thrown at [./src/hotspot/share/interpreter/linkResolver.cpp, line 773]
Event: 4.217 Thread 0x00007fd72b129000 Exception <a 'java/lang/IncompatibleClassChangeError'{0x0000000787d70f10}: Found class java.lang.Object, but interface was expected> (0x0000000787d70f10) thrown at [./src/hotspot/share/interpreter/linkResolver.cpp, line 839]
Event: 4.507 Thread 0x00007fd72b129000 Exception <a 'java/lang/NoSuchMethodError'{0x00000007879f4468}: 'java.lang.Object java.lang.invoke.Invokers$Holder.linkToTargetMethod(java.lang.Object, int, int, java.lang.Object)'> (0x00000007879f4468) thrown at [./src/hotspot/share/interpreter/linkResolver.cpp, line 773]
Event: 4.688 Thread 0x00007fd72b129000 Exception <a 'java/lang/NoSuchMethodError'{0x0000000787622498}: 'long java.lang.invoke.DirectMethodHandle$Holder.invokeStaticInit(java.lang.Object, java.lang.Object, java.lang.Object)'> (0x0000000787622498) thrown at [./src/hotspot/share/interpreter/linkResolver.cpp, line 773]
Event: 4.691 Thread 0x00007fd72b129000 Exception <a 'java/lang/NoSuchMethodError'{0x000000078763aae0}: 'java.lang.Object java.lang.invoke.DirectMethodHandle$Holder.invokeStatic(java.lang.Object, java.lang.Object, long)'> (0x000000078763aae0) thrown at [./src/hotspot/share/interpreter/linkResolver.cpp, line 773]
Event: 4.691 Thread 0x00007fd72b129000 Exception <a 'java/lang/NoSuchMethodError'{0x0000000787640c58}: 'java.lang.Object java.lang.invoke.Invokers$Holder.linkToTargetMethod(java.lang.Object, long, java.lang.Object)'> (0x0000000787640c58) thrown at [./src/hotspot/share/interpreter/linkResolver.cpp, line 773]
Event: 4.695 Thread 0x00007fd729957000 Exception <a 'java/lang/NoSuchMethodError'{0x00000007877b6138}: 'int java.lang.invoke.DirectMethodHandle$Holder.invokeStaticInit(java.lang.Object, java.lang.Object)'> (0x00000007877b6138) thrown at [./src/hotspot/share/interpreter/linkResolver.cpp, line 773]
Event: 5.346 Thread 0x00007fd72b129000 Exception <a 'java/lang/NoSuchMethodError'{0x0000000787eb4540}: 'java.lang.Object java.lang.invoke.DirectMethodHandle$Holder.invokeStatic(java.lang.Object, java.lang.Object, long, int, int, int)'> (0x0000000787eb4540) thrown at [./src/hotspot/share/interpreter/linkResolver.cpp, line 773]
Event: 5.347 Thread 0x00007fd72b129000 Exception <a 'java/lang/NoSuchMethodError'{0x0000000787ec81a8}: 'java.lang.Object java.lang.invoke.DirectMethodHandle$Holder.invokeStatic(java.lang.Object, java.lang.Object, int, java.lang.Object, long, int, int, int, int)'> (0x0000000787ec81a8) thrown at [./src/hotspot/share/interpreter/linkResolver.cpp, line 773]
Event: 16.889 Thread 0x00007fd72b129000 Exception <a 'java/lang/NoSuchMethodError'{0x0000000787c25eb8}: 'int java.lang.invoke.DirectMethodHandle$Holder.invokeSpecialIFC(java.lang.Object, java.lang.Object, int)'> (0x0000000787c25eb8) thrown at [./src/hotspot/share/interpreter/linkResolver.cpp, line 773]
Event: 18.651 Thread 0x00007fd72b129000 Exception <a 'java/lang/NullPointerException'{0x0000000787b0f860}> (0x0000000787b0f860) thrown at [./src/hotspot/share/interpreter/linkResolver.cpp, line 1358]
Event: 18.651 Thread 0x00007fd72b129000 Exception <a 'java/lang/reflect/InvocationTargetException'{0x0000000787b0fdd8}> (0x0000000787b0fdd8) thrown at [./src/hotspot/share/runtime/reflection.cpp, line 1247]
Event: 18.651 Thread 0x00007fd72b129000 Exception <a 'java/lang/reflect/InvocationTargetException'{0x0000000787b10350}> (0x0000000787b10350) thrown at [./src/hotspot/share/runtime/reflection.cpp, line 1247]
Event: 18.651 Thread 0x00007fd72b129000 Exception <a 'java/lang/RuntimeException'{0x0000000787b108c8}> (0x0000000787b108c8) thrown at [./src/hotspot/share/prims/jvm.cpp, line 1310]

Events (20 events):
Event: 16.888 loading class java/io/ObjectOutput
Event: 16.888 loading class java/io/ObjectOutput done
Event: 16.889 loading class java/io/ObjectInput
Event: 16.889 loading class java/io/ObjectInput done
Event: 16.889 loading class java/util/regex/Pattern$SliceI
Event: 16.889 loading class java/util/regex/Pattern$SliceI done
Event: 16.890 Executing VM operation: RevokeBias
Event: 16.890 Executing VM operation: RevokeBias done
Event: 16.890 loading class javafx/scene/input/DataFormat
Event: 16.890 loading class javafx/scene/input/DataFormat done
Event: 16.896 loading class com/sun/glass/ui/mac/MacSystemClipboard$FormatEncoder
Event: 16.896 loading class com/sun/glass/ui/mac/MacSystemClipboard$FormatEncoder done
Event: 16.902 loading class com/sun/prism/shape/ShapeRep$InvalidationType
Event: 16.902 loading class com/sun/prism/shape/ShapeRep$InvalidationType done
Event: 18.649 loading class it/polito/tdp/corsi/db/StudenteDao
Event: 18.649 loading class it/polito/tdp/corsi/db/StudenteDao done
Event: 18.651 loading class java/lang/Throwable$WrappedPrintStream
Event: 18.651 loading class java/lang/Throwable$PrintStreamOrWriter
Event: 18.651 loading class java/lang/Throwable$PrintStreamOrWriter done
Event: 18.651 loading class java/lang/Throwable$WrappedPrintStream done


Dynamic libraries:
0x000000010f280000 	/Library/Java/JavaVirtualMachines/temurin-11.jdk/Contents/Home/lib/jli/libjli.dylib
0x00007ff82212a000 	/System/Library/Frameworks/Cocoa.framework/Versions/A/Cocoa
0x00007ff80df9b000 	/System/Library/Frameworks/AppKit.framework/Versions/C/AppKit
0x00007ff811497000 	/System/Library/Frameworks/CoreData.framework/Versions/A/CoreData
0x00007ff80c3b2000 	/System/Library/Frameworks/Foundation.framework/Versions/C/Foundation
0x00007ff81625f000 	/usr/lib/libSystem.B.dylib
0x00007ff80ee2d000 	/System/Library/PrivateFrameworks/UIFoundation.framework/Versions/A/UIFoundation
0x00007ff81c0d6000 	/System/Library/PrivateFrameworks/RemoteViewServices.framework/Versions/A/RemoteViewServices
0x00007ff8144c1000 	/System/Library/PrivateFrameworks/XCTTargetBootstrap.framework/Versions/A/XCTTargetBootstrap
0x00007ff81806f000 	/System/Library/PrivateFrameworks/InternationalSupport.framework/Versions/A/InternationalSupport
0x00007ff8180f9000 	/System/Library/PrivateFrameworks/UserActivity.framework/Versions/A/UserActivity
0x00007ff81744f000 	/usr/lib/libspindump.dylib
0x00007ff80f0bb000 	/System/Library/Frameworks/UniformTypeIdentifiers.framework/Versions/A/UniformTypeIdentifiers
0x00007ff812bfa000 	/usr/lib/libapp_launch_measurement.dylib
0x00007ff811e63000 	/System/Library/PrivateFrameworks/CoreAnalytics.framework/Versions/A/CoreAnalytics
0x00007ff812bfd000 	/System/Library/PrivateFrameworks/CoreAutoLayout.framework/Versions/A/CoreAutoLayout
0x00007ff813e1d000 	/System/Library/Frameworks/Metal.framework/Versions/A/Metal
0x00007ff814b37000 	/usr/lib/liblangid.dylib
0x00007ff8144c5000 	/System/Library/PrivateFrameworks/CoreSVG.framework/Versions/A/CoreSVG
0x00007ff810482000 	/System/Library/PrivateFrameworks/SkyLight.framework/Versions/A/SkyLight
0x00007ff810818000 	/System/Library/Frameworks/CoreGraphics.framework/Versions/A/CoreGraphics
0x00007ff81c745000 	/System/Library/Frameworks/Accelerate.framework/Versions/A/Accelerate
0x00007ff816eca000 	/System/Library/PrivateFrameworks/IconServices.framework/Versions/A/IconServices
0x00007ff813e02000 	/System/Library/Frameworks/IOSurface.framework/Versions/A/IOSurface
0x00007ff811e91000 	/usr/lib/libDiagnosticMessagesClient.dylib
0x00007ff81617f000 	/usr/lib/libz.1.dylib
0x00007ff81fdb6000 	/System/Library/Frameworks/ApplicationServices.framework/Versions/A/ApplicationServices
0x00007ff8144ad000 	/System/Library/PrivateFrameworks/DFRFoundation.framework/Versions/A/DFRFoundation
0x00007ff80d88c000 	/usr/lib/libicucore.A.dylib
0x00007ff818d94000 	/System/Library/Frameworks/AudioToolbox.framework/Versions/A/AudioToolbox
0x00007ff81807b000 	/System/Library/PrivateFrameworks/DataDetectorsCore.framework/Versions/A/DataDetectorsCore
0x00007ff9139d3000 	/System/Library/PrivateFrameworks/TextInput.framework/Versions/A/TextInput
0x00007ff810406000 	/usr/lib/libMobileGestalt.dylib
0x00007ff8141b5000 	/System/Library/Frameworks/Carbon.framework/Versions/A/Frameworks/HIToolbox.framework/Versions/A/HIToolbox
0x00007ff812627000 	/System/Library/Frameworks/QuartzCore.framework/Versions/A/QuartzCore
0x00007ff80d52c000 	/System/Library/Frameworks/Security.framework/Versions/A/Security
0x00007ff81c10e000 	/System/Library/Frameworks/Carbon.framework/Versions/A/Frameworks/SpeechRecognition.framework/Versions/A/SpeechRecognition
0x00007ff81295a000 	/System/Library/PrivateFrameworks/CoreUI.framework/Versions/A/CoreUI
0x00007ff80ce04000 	/System/Library/Frameworks/CoreAudio.framework/Versions/A/CoreAudio
0x00007ff811f7f000 	/System/Library/Frameworks/DiskArbitration.framework/Versions/A/DiskArbitration
0x00007ff817836000 	/System/Library/PrivateFrameworks/MultitouchSupport.framework/Versions/A/MultitouchSupport
0x00007ff810405000 	/usr/lib/libenergytrace.dylib
0x00007ff80de87000 	/System/Library/Frameworks/IOKit.framework/Versions/A/IOKit
0x00007ff81c4fa000 	/System/Library/Frameworks/CoreServices.framework/Versions/A/CoreServices
0x00007ff812b94000 	/System/Library/PrivateFrameworks/PerformanceAnalysis.framework/Versions/A/PerformanceAnalysis
0x00007ffa231a3000 	/System/Library/Frameworks/OpenGL.framework/Versions/A/OpenGL
0x00007ff8157ac000 	/System/Library/PrivateFrameworks/MobileKeyBag.framework/Versions/A/MobileKeyBag
0x00007ff80b373000 	/usr/lib/libobjc.A.dylib
0x00007ff810ee4000 	/System/Library/Frameworks/ColorSync.framework/Versions/A/ColorSync
0x00007ff80b52c000 	/System/Library/Frameworks/CoreFoundation.framework/Versions/A/CoreFoundation
0x00007ff81473e000 	/System/Library/Frameworks/CoreImage.framework/Versions/A/CoreImage
0x00007ff80cc1a000 	/System/Library/Frameworks/CoreText.framework/Versions/A/CoreText
0x00007ff8144f4000 	/System/Library/Frameworks/ImageIO.framework/Versions/A/ImageIO
0x00007ff816265000 	/System/Library/PrivateFrameworks/SoftLinking.framework/Versions/A/SoftLinking
0x00007ff812c45000 	/usr/lib/libxml2.2.dylib
0x00007ff80b439000 	/usr/lib/libc++.1.dylib
0x00007ff8164e9000 	/usr/lib/libcompression.dylib
0x00007ff817fa5000 	/System/Library/PrivateFrameworks/TextureIO.framework/Versions/A/TextureIO
0x00007ff816bdc000 	/usr/lib/libate.dylib
0x00007ff81625a000 	/usr/lib/system/libcache.dylib
0x00007ff816216000 	/usr/lib/system/libcommonCrypto.dylib
0x00007ff81623f000 	/usr/lib/system/libcompiler_rt.dylib
0x00007ff816235000 	/usr/lib/system/libcopyfile.dylib
0x00007ff80b26d000 	/usr/lib/system/libcorecrypto.dylib
0x00007ff80b32c000 	/usr/lib/system/libdispatch.dylib
0x00007ff80b4eb000 	/usr/lib/system/libdyld.dylib
0x00007ff816251000 	/usr/lib/system/libkeymgr.dylib
0x00007ff8161f4000 	/usr/lib/system/libmacho.dylib
0x00007ff815880000 	/usr/lib/system/libquarantine.dylib
0x00007ff81624f000 	/usr/lib/system/libremovefile.dylib
0x00007ff810452000 	/usr/lib/system/libsystem_asl.dylib
0x00007ff80b21b000 	/usr/lib/system/libsystem_blocks.dylib
0x00007ff80b3b0000 	/usr/lib/system/libsystem_c.dylib
0x00007ff816247000 	/usr/lib/system/libsystem_collections.dylib
0x00007ff814b28000 	/usr/lib/system/libsystem_configuration.dylib
0x00007ff813de5000 	/usr/lib/system/libsystem_containermanager.dylib
0x00007ff815f31000 	/usr/lib/system/libsystem_coreservices.dylib
0x00007ff80db15000 	/usr/lib/system/libsystem_darwin.dylib
0x00007ff816252000 	/usr/lib/system/libsystem_dnssd.dylib
0x00007ff80b3ad000 	/usr/lib/system/libsystem_featureflags.dylib
0x00007ff80b501000 	/usr/lib/system/libsystem_info.dylib
0x00007ff816192000 	/usr/lib/system/libsystem_m.dylib
0x00007ff80b300000 	/usr/lib/system/libsystem_malloc.dylib
0x00007ff8103ef000 	/usr/lib/system/libsystem_networkextension.dylib
0x00007ff80df3d000 	/usr/lib/system/libsystem_notify.dylib
0x00007ff81c3cf000 	/usr/lib/system/libsystem_product_info_filter.dylib
0x00007ff814b2c000 	/usr/lib/system/libsystem_sandbox.dylib
0x00007ff81624c000 	/usr/lib/system/libsystem_secinit.dylib
0x00007ff80b4a8000 	/usr/lib/system/libsystem_kernel.dylib
0x00007ff80b4f7000 	/usr/lib/system/libsystem_platform.dylib
0x00007ff80b4df000 	/usr/lib/system/libsystem_pthread.dylib
0x00007ff811caa000 	/usr/lib/system/libsystem_symptoms.dylib
0x00007ff80b254000 	/usr/lib/system/libsystem_trace.dylib
0x00007ff816222000 	/usr/lib/system/libunwind.dylib
0x00007ff80b21d000 	/usr/lib/system/libxpc.dylib
0x00007ff80b492000 	/usr/lib/libc++abi.dylib
0x00007ff81622d000 	/usr/lib/liboah.dylib
0x00007ff8169ba000 	/usr/lib/liblzma.5.dylib
0x00007ff80c0c3000 	/System/Library/Frameworks/SystemConfiguration.framework/Versions/A/SystemConfiguration
0x00007ff816261000 	/usr/lib/libfakelink.dylib
0x00007ff80ff58000 	/System/Library/Frameworks/CFNetwork.framework/Versions/A/CFNetwork
0x00007ff8163a0000 	/usr/lib/libarchive.2.dylib
0x00007ff814b33000 	/System/Library/PrivateFrameworks/AppleSystemInfo.framework/Versions/A/AppleSystemInfo
0x00007ff8158a7000 	/usr/lib/libbsm.0.dylib
0x00007ff80f58e000 	/usr/lib/libnetwork.dylib
0x00007ff8161fa000 	/usr/lib/system/libkxld.dylib
0x00007ff8154d5000 	/System/Library/PrivateFrameworks/IOMobileFramebuffer.framework/Versions/A/IOMobileFramebuffer
0x00007ffb20fc8000 	/usr/lib/libCoreEntitlements.dylib
0x00007ff815f13000 	/System/Library/PrivateFrameworks/AppleFSCompression.framework/Versions/A/AppleFSCompression
0x00007ff81588f000 	/usr/lib/libcoretls.dylib
0x00007ff8169d4000 	/usr/lib/libcoretls_cfhelpers.dylib
0x00007ff8164e4000 	/usr/lib/libpam.2.dylib
0x00007ff8118cc000 	/usr/lib/libsqlite3.dylib
0x00007ff816a43000 	/usr/lib/libxar.1.dylib
0x00007ff815f23000 	/usr/lib/libbz2.1.0.dylib
0x00007ff816266000 	/usr/lib/libpcap.A.dylib
0x00007ff811ca1000 	/usr/lib/libdns_services.dylib
0x00007ff8164b3000 	/usr/lib/libapple_nghttp2.dylib
0x00007ff81629d000 	/usr/lib/libiconv.2.dylib
0x00007ff8161f3000 	/usr/lib/libcharset.1.dylib
0x00007ff812bc8000 	/System/Library/Frameworks/CoreServices.framework/Versions/A/Frameworks/FSEvents.framework/Versions/A/FSEvents
0x00007ff80db1f000 	/System/Library/Frameworks/CoreServices.framework/Versions/A/Frameworks/CarbonCore.framework/Versions/A/CarbonCore
0x00007ff811ee4000 	/System/Library/Frameworks/CoreServices.framework/Versions/A/Frameworks/Metadata.framework/Versions/A/Metadata
0x00007ff815f36000 	/System/Library/Frameworks/CoreServices.framework/Versions/A/Frameworks/OSServices.framework/Versions/A/OSServices
0x00007ff816427000 	/System/Library/Frameworks/CoreServices.framework/Versions/A/Frameworks/SearchKit.framework/Versions/A/SearchKit
0x00007ff811c33000 	/System/Library/Frameworks/CoreServices.framework/Versions/A/Frameworks/AE.framework/Versions/A/AE
0x00007ff80ba2f000 	/System/Library/Frameworks/CoreServices.framework/Versions/A/Frameworks/LaunchServices.framework/Versions/A/LaunchServices
0x00007ff81696b000 	/System/Library/Frameworks/CoreServices.framework/Versions/A/Frameworks/DictionaryServices.framework/Versions/A/DictionaryServices
0x00007ff812bd5000 	/System/Library/Frameworks/CoreServices.framework/Versions/A/Frameworks/SharedFileList.framework/Versions/A/SharedFileList
0x00007ff815883000 	/usr/lib/libCheckFix.dylib
0x00007ff810469000 	/System/Library/PrivateFrameworks/TCC.framework/Versions/A/TCC
0x00007ff814b39000 	/System/Library/PrivateFrameworks/CoreNLP.framework/Versions/A/CoreNLP
0x00007ff811e94000 	/System/Library/PrivateFrameworks/MetadataUtilities.framework/Versions/A/MetadataUtilities
0x00007ff80c173000 	/usr/lib/libmecabra.dylib
0x00007ff8158b7000 	/usr/lib/libmecab.dylib
0x00007ff80c13e000 	/usr/lib/libCRFSuite.dylib
0x00007ff815914000 	/usr/lib/libgermantok.dylib
0x00007ff81648e000 	/usr/lib/libThaiTokenizer.dylib
0x00007ff811f86000 	/System/Library/Frameworks/Accelerate.framework/Versions/A/Frameworks/vImage.framework/Versions/A/vImage
0x00007ff81c4d1000 	/System/Library/Frameworks/Accelerate.framework/Versions/A/Frameworks/vecLib.framework/Versions/A/vecLib
0x00007ff816a84000 	/System/Library/Frameworks/Accelerate.framework/Versions/A/Frameworks/vecLib.framework/Versions/A/libvMisc.dylib
0x00007ff8152f3000 	/System/Library/Frameworks/Accelerate.framework/Versions/A/Frameworks/vecLib.framework/Versions/A/libvDSP.dylib
0x00007ff80bda7000 	/System/Library/Frameworks/Accelerate.framework/Versions/A/Frameworks/vecLib.framework/Versions/A/libBLAS.dylib
0x00007ff8165c5000 	/System/Library/Frameworks/Accelerate.framework/Versions/A/Frameworks/vecLib.framework/Versions/A/libLAPACK.dylib
0x00007ff815917000 	/System/Library/Frameworks/Accelerate.framework/Versions/A/Frameworks/vecLib.framework/Versions/A/libLinearAlgebra.dylib
0x00007ff8164cc000 	/System/Library/Frameworks/Accelerate.framework/Versions/A/Frameworks/vecLib.framework/Versions/A/libSparseBLAS.dylib
0x00007ff8165bf000 	/System/Library/Frameworks/Accelerate.framework/Versions/A/Frameworks/vecLib.framework/Versions/A/libQuadrature.dylib
0x00007ff814c23000 	/System/Library/Frameworks/Accelerate.framework/Versions/A/Frameworks/vecLib.framework/Versions/A/libBNNS.dylib
0x00007ff80c054000 	/System/Library/Frameworks/Accelerate.framework/Versions/A/Frameworks/vecLib.framework/Versions/A/libSparse.dylib
0x00007ff814c1c000 	/System/Library/PrivateFrameworks/LinguisticData.framework/Versions/A/LinguisticData
0x00007ff80c009000 	/System/Library/PrivateFrameworks/Lexicon.framework/Versions/A/Lexicon
0x00007ff816a7d000 	/usr/lib/libChineseTokenizer.dylib
0x00007ff80c76d000 	/System/Library/PrivateFrameworks/LanguageModeling.framework/Versions/A/LanguageModeling
0x00007ff816490000 	/System/Library/PrivateFrameworks/AppleSauce.framework/Versions/A/AppleSauce
0x00007ff8154c3000 	/System/Library/PrivateFrameworks/CoreEmoji.framework/Versions/A/CoreEmoji
0x00007ff81638f000 	/usr/lib/libcmph.dylib
0x00007ff812bac000 	/System/Library/Frameworks/OpenDirectory.framework/Versions/A/Frameworks/CFOpenDirectory.framework/Versions/A/CFOpenDirectory
0x00007ff812ba0000 	/System/Library/Frameworks/OpenDirectory.framework/Versions/A/OpenDirectory
0x00007ff8169d6000 	/System/Library/PrivateFrameworks/APFS.framework/Versions/A/APFS
0x00007ff8157e4000 	/System/Library/Frameworks/SecurityFoundation.framework/Versions/A/SecurityFoundation
0x00007ff816a51000 	/usr/lib/libutil.dylib
0x00007ff80de4a000 	/System/Library/PrivateFrameworks/CoreServicesStore.framework/Versions/A/CoreServicesStore
0x00007ff816a55000 	/usr/lib/libxslt.1.dylib
0x00007ff815871000 	/System/Library/PrivateFrameworks/BackgroundTaskManagement.framework/Versions/A/BackgroundTaskManagement
0x00007ff817ec5000 	/System/Library/Frameworks/ImageIO.framework/Versions/A/Resources/libRadiance.dylib
0x00007ff817ece000 	/System/Library/Frameworks/ImageIO.framework/Versions/A/Resources/libJPEG.dylib
0x00007ff817e1e000 	/System/Library/Frameworks/ImageIO.framework/Versions/A/Resources/libPng.dylib
0x00007ff817e3f000 	/System/Library/Frameworks/ImageIO.framework/Versions/A/Resources/libTIFF.dylib
0x00007ff817f2e000 	/System/Library/Frameworks/ImageIO.framework/Versions/A/Resources/libGIF.dylib
0x00007ff81774f000 	/System/Library/Frameworks/ImageIO.framework/Versions/A/Resources/libJP2.dylib
0x00007ff816e91000 	/usr/lib/libexpat.1.dylib
0x00007ff817704000 	/System/Library/PrivateFrameworks/AppleJPEG.framework/Versions/A/AppleJPEG
0x00007ff814078000 	/System/Library/PrivateFrameworks/FontServices.framework/libFontParser.dylib
0x00007ff811bdd000 	/System/Library/PrivateFrameworks/RunningBoardServices.framework/Versions/A/RunningBoardServices
0x00007ff8226a6000 	/System/Library/PrivateFrameworks/IOSurfaceAccelerator.framework/Versions/A/IOSurfaceAccelerator
0x00007ff817832000 	/System/Library/PrivateFrameworks/WatchdogClient.framework/Versions/A/WatchdogClient
0x00007ff80c85c000 	/System/Library/Frameworks/CoreDisplay.framework/Versions/A/CoreDisplay
0x00007ff813f77000 	/System/Library/Frameworks/CoreMedia.framework/Versions/A/CoreMedia
0x00007ff813e14000 	/System/Library/PrivateFrameworks/IOAccelerator.framework/Versions/A/IOAccelerator
0x00007ff812d28000 	/System/Library/Frameworks/CoreVideo.framework/Versions/A/CoreVideo
0x00007ff8164e2000 	/System/Library/Frameworks/MetalPerformanceShaders.framework/Versions/A/MetalPerformanceShaders
0x00007ff81786d000 	/System/Library/Frameworks/VideoToolbox.framework/Versions/A/VideoToolbox
0x00007ff811b25000 	/System/Library/PrivateFrameworks/BaseBoard.framework/Versions/A/BaseBoard
0x00007ff8118b2000 	/System/Library/PrivateFrameworks/ProtocolBuffer.framework/Versions/A/ProtocolBuffer
0x00007ff817ebe000 	/System/Library/PrivateFrameworks/GPUWrangler.framework/Versions/A/GPUWrangler
0x00007ff817ea1000 	/System/Library/PrivateFrameworks/IOPresentment.framework/Versions/A/IOPresentment
0x00007ff817ec8000 	/System/Library/PrivateFrameworks/DSExternalDisplay.framework/Versions/A/DSExternalDisplay
0x00007ffa23197000 	/System/Library/Frameworks/OpenGL.framework/Versions/A/Libraries/libCoreFSCache.dylib
0x00007ffb0f238000 	/System/Library/PrivateFrameworks/GPUCompiler.framework/Versions/31001/Libraries/libGPUCompilerUtils.dylib
0x00007ff817f33000 	/System/Library/PrivateFrameworks/CMCaptureCore.framework/Versions/A/CMCaptureCore
0x00007ff81743d000 	/System/Library/PrivateFrameworks/AppServerSupport.framework/Versions/A/AppServerSupport
0x00007ff81961a000 	/System/Library/PrivateFrameworks/perfdata.framework/Versions/A/perfdata
0x00007ff80c988000 	/System/Library/PrivateFrameworks/AudioToolboxCore.framework/Versions/A/AudioToolboxCore
0x00007ff813f54000 	/System/Library/PrivateFrameworks/caulk.framework/Versions/A/caulk
0x00007ff818f3e000 	/usr/lib/libAudioStatistics.dylib
0x00007ff910261000 	/System/Library/PrivateFrameworks/SystemPolicy.framework/Versions/A/SystemPolicy
0x00007ff819193000 	/usr/lib/libSMC.dylib
0x00007ff821fdd000 	/System/Library/Frameworks/CoreMIDI.framework/Versions/A/CoreMIDI
0x00007ff817dee000 	/usr/lib/libAudioToolboxUtility.dylib
0x00007ff90c673000 	/System/Library/PrivateFrameworks/OSAServicesClient.framework/Versions/A/OSAServicesClient
0x00007ff819627000 	/usr/lib/libperfcheck.dylib
0x00007ff910cf3000 	/usr/lib/libmis.dylib
0x00007ffa231f3000 	/System/Library/Frameworks/OpenGL.framework/Versions/A/Libraries/libGLU.dylib
0x00007ffa231b6000 	/System/Library/Frameworks/OpenGL.framework/Versions/A/Libraries/libGFXShared.dylib
0x00007ffa233c4000 	/System/Library/Frameworks/OpenGL.framework/Versions/A/Libraries/libGL.dylib
0x00007ffa231bf000 	/System/Library/Frameworks/OpenGL.framework/Versions/A/Libraries/libGLImage.dylib
0x00007ffa231b3000 	/System/Library/Frameworks/OpenGL.framework/Versions/A/Libraries/libCVMSPluginSupport.dylib
0x00007ffa2319e000 	/System/Library/Frameworks/OpenGL.framework/Versions/A/Libraries/libCoreVMClient.dylib
0x00007ff814ab7000 	/System/Library/Frameworks/MetalPerformanceShaders.framework/Versions/A/Frameworks/MPSCore.framework/Versions/A/MPSCore
0x00007ff815e7e000 	/System/Library/Frameworks/MetalPerformanceShaders.framework/Versions/A/Frameworks/MPSImage.framework/Versions/A/MPSImage
0x00007ff81592d000 	/System/Library/Frameworks/MetalPerformanceShaders.framework/Versions/A/Frameworks/MPSNeuralNetwork.framework/Versions/A/MPSNeuralNetwork
0x00007ff815da2000 	/System/Library/Frameworks/MetalPerformanceShaders.framework/Versions/A/Frameworks/MPSMatrix.framework/Versions/A/MPSMatrix
0x00007ff815b5e000 	/System/Library/Frameworks/MetalPerformanceShaders.framework/Versions/A/Frameworks/MPSRayIntersector.framework/Versions/A/MPSRayIntersector
0x00007ff815ddb000 	/System/Library/Frameworks/MetalPerformanceShaders.framework/Versions/A/Frameworks/MPSNDArray.framework/Versions/A/MPSNDArray
0x00007ffa27db8000 	/System/Library/Frameworks/MetalPerformanceShaders.framework/Versions/A/Frameworks/MPSFunctions.framework/Versions/A/MPSFunctions
0x00007ff80bc8a000 	/System/Library/PrivateFrameworks/MetalTools.framework/Versions/A/MetalTools
0x00007ff814b31000 	/System/Library/PrivateFrameworks/AggregateDictionary.framework/Versions/A/AggregateDictionary
0x00007ff816c73000 	/usr/lib/libIOReport.dylib
0x00007ffa247d3000 	/System/Library/Frameworks/OpenCL.framework/Versions/A/OpenCL
0x00007ff816fd7000 	/System/Library/PrivateFrameworks/FaceCore.framework/Versions/A/FaceCore
0x00007ff816fc8000 	/System/Library/PrivateFrameworks/GraphVisualizer.framework/Versions/A/GraphVisualizer
0x00007ffb0f143000 	/System/Library/PrivateFrameworks/FontServices.framework/Versions/A/FontServices
0x00007ff8173f4000 	/System/Library/PrivateFrameworks/OTSVG.framework/Versions/A/OTSVG
0x00007ff812910000 	/System/Library/Frameworks/ApplicationServices.framework/Versions/A/Frameworks/ATS.framework/Versions/A/Resources/libFontRegistry.dylib
0x00007ff817445000 	/System/Library/PrivateFrameworks/FontServices.framework/libhvf.dylib
0x00007ffb0f144000 	/System/Library/PrivateFrameworks/FontServices.framework/libXTFontStaticRegistryData.dylib
0x00007ff816e41000 	/System/Library/PrivateFrameworks/AppleVA.framework/Versions/A/AppleVA
0x00007ff818f62000 	/System/Library/Frameworks/ApplicationServices.framework/Versions/A/Frameworks/ATS.framework/Versions/A/ATS
0x00007ff810fe0000 	/System/Library/Frameworks/ApplicationServices.framework/Versions/A/Frameworks/HIServices.framework/Versions/A/HIServices
0x00007ff817f3d000 	/System/Library/Frameworks/ApplicationServices.framework/Versions/A/Frameworks/PrintCore.framework/Versions/A/PrintCore
0x00007ff8192e6000 	/System/Library/Frameworks/ApplicationServices.framework/Versions/A/Frameworks/QD.framework/Versions/A/QD
0x00007ff8192de000 	/System/Library/Frameworks/ApplicationServices.framework/Versions/A/Frameworks/ColorSyncLegacy.framework/Versions/A/ColorSyncLegacy
0x00007ff818f52000 	/System/Library/Frameworks/ApplicationServices.framework/Versions/A/Frameworks/SpeechSynthesis.framework/Versions/A/SpeechSynthesis
0x00007ff817efe000 	/System/Library/Frameworks/ApplicationServices.framework/Versions/A/Frameworks/ATSUI.framework/Versions/A/ATSUI
0x00007ff819273000 	/usr/lib/libcups.2.dylib
0x00007ff819636000 	/System/Library/Frameworks/Kerberos.framework/Versions/A/Kerberos
0x00007ff819645000 	/System/Library/Frameworks/GSS.framework/Versions/A/GSS
0x00007ff818fce000 	/usr/lib/libresolv.9.dylib
0x00007ff817454000 	/System/Library/PrivateFrameworks/Heimdal.framework/Versions/A/Heimdal
0x00007ff820133000 	/System/Library/Frameworks/Kerberos.framework/Versions/A/Libraries/libHeimdalProxy.dylib
0x00007ff811cb2000 	/System/Library/Frameworks/Network.framework/Versions/A/Network
0x00007ff816eab000 	/usr/lib/libheimdal-asn1.dylib
0x00007ff819691000 	/System/Library/PrivateFrameworks/CommonAuth.framework/Versions/A/CommonAuth
0x00007ff818ecf000 	/System/Library/PrivateFrameworks/AudioSession.framework/Versions/A/AudioSession
0x00007ff816f3b000 	/System/Library/PrivateFrameworks/MediaExperience.framework/Versions/A/MediaExperience
0x00007ff818d63000 	/System/Library/PrivateFrameworks/AudioSession.framework/libSessionUtility.dylib
0x00007ff8192f2000 	/System/Library/PrivateFrameworks/AudioResourceArbitration.framework/Versions/A/AudioResourceArbitration
0x00007ff81d2e4000 	/System/Library/PrivateFrameworks/PowerLog.framework/Versions/A/PowerLog
0x00007ff816eb4000 	/System/Library/PrivateFrameworks/IconFoundation.framework/Versions/A/IconFoundation
0x00007ff81c0fe000 	/System/Library/PrivateFrameworks/SpeechRecognitionCore.framework/Versions/A/SpeechRecognitionCore
0x00000001103e9000 	/Library/Java/JavaVirtualMachines/temurin-11.jdk/Contents/Home/lib/server/libjvm.dylib
0x000000010f2af000 	/Library/Java/JavaVirtualMachines/temurin-11.jdk/Contents/Home/lib/libverify.dylib
0x000000010f2ec000 	/Library/Java/JavaVirtualMachines/temurin-11.jdk/Contents/Home/lib/libjava.dylib
0x000000010f2c0000 	/Library/Java/JavaVirtualMachines/temurin-11.jdk/Contents/Home/lib/libjimage.dylib
0x000000010f2d9000 	/Library/Java/JavaVirtualMachines/temurin-11.jdk/Contents/Home/lib/libzip.dylib
0x0000000110192000 	/Library/Java/JavaVirtualMachines/temurin-11.jdk/Contents/Home/lib/libnio.dylib
0x00000001101be000 	/Library/Java/JavaVirtualMachines/temurin-11.jdk/Contents/Home/lib/libnet.dylib
0x00000001101a5000 	/Users/valentina/.openjfx/cache/11/libprism_es2.dylib
0x00007ff80de0b000 	/System/Library/PrivateFrameworks/CoreServicesInternal.framework/Versions/A/CoreServicesInternal
0x00007ffa233cf000 	/System/Library/Frameworks/OpenGL.framework/Versions/A/Resources/GLEngine.bundle/GLEngine
0x00007ffa23231000 	/System/Library/Frameworks/OpenGL.framework/Versions/A/Libraries/libGLProgrammability.dylib
0x00007ffa1af03000 	/System/Library/Extensions/AppleIntelBDWGraphicsGLDriver.bundle/Contents/MacOS/AppleIntelBDWGraphicsGLDriver
0x00007ff91abd7000 	/System/Library/PrivateFrameworks/GPUSupport.framework/Versions/A/Libraries/libGPUSupportMercury.dylib
0x00007ffa2355e000 	/System/Library/Frameworks/OpenGL.framework/Versions/A/Resources/GLRendererFloat.bundle/GLRendererFloat
0x0000000131744000 	/Users/valentina/.openjfx/cache/11/libglass.dylib
0x00007ff81d8d5000 	/System/Library/Frameworks/FileProvider.framework/Versions/A/FileProvider
0x00007ff811a91000 	/System/Library/Frameworks/Accounts.framework/Versions/A/Accounts
0x00007ff81da4d000 	/System/Library/PrivateFrameworks/GenerationalStorage.framework/Versions/A/GenerationalStorage
0x00007ff81e55f000 	/System/Library/PrivateFrameworks/CoreSymbolication.framework/Versions/A/CoreSymbolication
0x00007ff81d2d9000 	/System/Library/PrivateFrameworks/SymptomDiagnosticReporter.framework/Versions/A/SymptomDiagnosticReporter
0x00007ff80f0cf000 	/System/Library/PrivateFrameworks/DesktopServicesPriv.framework/Versions/A/DesktopServicesPriv
0x00007ff80df4c000 	/usr/lib/libsandbox.1.dylib
0x00007ff812da7000 	/System/Library/PrivateFrameworks/UserManagement.framework/Versions/A/UserManagement
0x00007ff81e524000 	/System/Library/PrivateFrameworks/DebugSymbols.framework/Versions/A/DebugSymbols
0x00007ff8192d3000 	/System/Library/PrivateFrameworks/NetAuth.framework/Versions/A/NetAuth
0x00007ff81a1c2000 	/System/Library/PrivateFrameworks/Sharing.framework/Versions/A/Sharing
0x00007ff812d7a000 	/System/Library/PrivateFrameworks/login.framework/Versions/A/Frameworks/loginsupport.framework/Versions/A/loginsupport
0x00007ff81f665000 	/System/Library/PrivateFrameworks/Apple80211.framework/Versions/A/Apple80211
0x00007ff815f63000 	/System/Library/PrivateFrameworks/AuthKit.framework/Versions/A/AuthKit
0x00007ff8155b9000 	/System/Library/PrivateFrameworks/CoreUtils.framework/Versions/A/CoreUtils
0x00007ff8154e0000 	/System/Library/Frameworks/CoreWLAN.framework/Versions/A/CoreWLAN
0x00007ff81a31d000 	/System/Library/Frameworks/IOBluetooth.framework/Versions/A/IOBluetooth
0x00007ff81f6cd000 	/System/Library/PrivateFrameworks/CoreWiFi.framework/Versions/A/CoreWiFi
0x00007ff81e0f9000 	/System/Library/PrivateFrameworks/FrontBoardServices.framework/Versions/A/FrontBoardServices
0x00007ff81e18b000 	/System/Library/PrivateFrameworks/BoardServices.framework/Versions/A/BoardServices
0x00007ff8157d3000 	/System/Library/PrivateFrameworks/AssertionServices.framework/Versions/A/AssertionServices
0x00007ff81f851000 	/System/Library/PrivateFrameworks/BackBoardServices.framework/Versions/A/BackBoardServices
0x00007ff819720000 	/System/Library/PrivateFrameworks/CorePhoneNumbers.framework/Versions/A/CorePhoneNumbers
0x00007ff81d3f6000 	/System/Library/PrivateFrameworks/DiskManagement.framework/Versions/A/DiskManagement
0x00007ff81d30a000 	/System/Library/PrivateFrameworks/AppleIDAuthSupport.framework/Versions/A/AppleIDAuthSupport
0x00007ffa29d71000 	/System/Library/PrivateFrameworks/AAAFoundation.framework/Versions/A/AAAFoundation
0x00007ff819701000 	/System/Library/PrivateFrameworks/KeychainCircle.framework/Versions/A/KeychainCircle
0x00007ff81d3c2000 	/System/Library/PrivateFrameworks/MediaKit.framework/Versions/A/MediaKit
0x00007ff81d316000 	/System/Library/Frameworks/DiscRecording.framework/Versions/A/DiscRecording
0x00007ff816db9000 	/usr/lib/libCoreStorage.dylib
0x00007ff81fb40000 	/usr/lib/libcsfde.dylib
0x00007ff81a3ea000 	/System/Library/PrivateFrameworks/ProtectedCloudStorage.framework/Versions/A/ProtectedCloudStorage
0x00007ff81fb3c000 	/System/Library/PrivateFrameworks/EFILogin.framework/Versions/A/EFILogin
0x00007ff81da73000 	/System/Library/PrivateFrameworks/OctagonTrust.framework/Versions/A/OctagonTrust
0x00007ffb0e465000 	/System/Library/PrivateFrameworks/CoreUtilsExtras.framework/Versions/A/CoreUtilsExtras
0x00007ff81d24c000 	/System/Library/Frameworks/CoreBluetooth.framework/Versions/A/CoreBluetooth
0x00007ff8201b8000 	/System/Library/Frameworks/AudioUnit.framework/Versions/A/AudioUnit
0x00007ff816db1000 	/usr/lib/libMatch.1.dylib
0x00007ff915157000 	/System/Library/Frameworks/Accelerate.framework/Versions/A/Frameworks/vImage.framework/Versions/A/Libraries/libCGInterfaces.dylib
0x00000001329e8000 	/usr/lib/libobjc-trampolines.dylib
0x00007ff812aa0000 	/System/Library/PrivateFrameworks/ViewBridge.framework/Versions/A/ViewBridge
0x000000013562b000 	/Users/valentina/.openjfx/cache/11/libjavafx_font.dylib
0x00007ff81750e000 	/System/Library/PrivateFrameworks/login.framework/Versions/A/login
0x00007ffb210da000 	/usr/lib/libRosetta.dylib
0x00007ff81c7c9000 	/System/Library/PrivateFrameworks/SystemAdministration.framework/Versions/A/SystemAdministration
0x00007ff818165000 	/System/Library/Frameworks/MediaToolbox.framework/Versions/A/MediaToolbox
0x00007ff81c0ca000 	/System/Library/Frameworks/DirectoryService.framework/Versions/A/DirectoryService
0x00007ff81f9de000 	/System/Library/PrivateFrameworks/DiskImages.framework/Versions/A/DiskImages
0x00007ff81587b000 	/System/Library/Frameworks/ServiceManagement.framework/Versions/A/ServiceManagement
0x00007ff81fbb8000 	/System/Library/PrivateFrameworks/LoginUIKit.framework/Versions/A/Frameworks/LoginUICore.framework/Versions/A/LoginUICore
0x00007ff8176bc000 	/usr/lib/libodfde.dylib
0x00007ff81d8a5000 	/System/Library/PrivateFrameworks/CoreAVCHD.framework/Versions/A/CoreAVCHD
0x00007ff81c78d000 	/System/Library/Frameworks/MediaAccessibility.framework/Versions/A/MediaAccessibility
0x00007ff81d8a1000 	/System/Library/PrivateFrameworks/Mangrove.framework/Versions/A/Mangrove
0x00007ff81c798000 	/System/Library/PrivateFrameworks/AlgosScoreFramework.framework/Versions/A/AlgosScoreFramework
0x00007ffb0b8aa000 	/System/Library/PrivateFrameworks/CMPhoto.framework/Versions/A/CMPhoto
0x00007ff81e3fa000 	/System/Library/PrivateFrameworks/AppleVPA.framework/Versions/A/AppleVPA
0x00007ff81d4e6000 	/System/Library/PrivateFrameworks/CoreAUC.framework/Versions/A/CoreAUC
0x00007ff81fb4c000 	/usr/lib/libcurl.4.dylib
0x00007ff81f8a9000 	/usr/lib/libcrypto.44.dylib
0x00007ff81f9b1000 	/usr/lib/libssl.46.dylib
0x00007ff81f86f000 	/System/Library/Frameworks/LDAP.framework/Versions/A/LDAP
0x00007ff81f8a7000 	/System/Library/PrivateFrameworks/TrustEvaluationAgent.framework/Versions/A/TrustEvaluationAgent
0x00007ff818fe7000 	/usr/lib/libsasl2.2.dylib
0x00007ff81c7bd000 	/System/Library/PrivateFrameworks/CoreDaemon.framework/Versions/B/CoreDaemon
0x00007ff81c7b8000 	/System/Library/PrivateFrameworks/AppleSRP.framework/Versions/A/AppleSRP
0x00007ff9178aa000 	/System/Library/CoreServices/RawCamera.bundle/Contents/MacOS/RawCamera
0x00007ff8196a1000 	/System/Library/PrivateFrameworks/MobileAsset.framework/Versions/A/MobileAsset
0x00007ff8201df000 	/System/Library/PrivateFrameworks/StreamingZip.framework/Versions/A/StreamingZip


VM Arguments:
jvm_args: -Dfile.encoding=UTF-8 
java_command: it.polito.tdp.corsi.Main
java_class_path (initial): /Users/valentina/git/GestoreCorsi/target/classes:/Users/valentina/.m2/repository/org/openjfx/javafx-controls/11/javafx-controls-11.jar:/Users/valentina/.m2/repository/org/openjfx/javafx-controls/11/javafx-controls-11-mac.jar:/Users/valentina/.m2/repository/org/openjfx/javafx-graphics/11/javafx-graphics-11.jar:/Users/valentina/.m2/repository/org/openjfx/javafx-graphics/11/javafx-graphics-11-mac.jar:/Users/valentina/.m2/repository/org/openjfx/javafx-base/11/javafx-base-11.jar:/Users/valentina/.m2/repository/org/openjfx/javafx-base/11/javafx-base-11-mac.jar:/Users/valentina/.m2/repository/org/openjfx/javafx-fxml/11/javafx-fxml-11.jar:/Users/valentina/.m2/repository/org/openjfx/javafx-fxml/11/javafx-fxml-11-mac.jar:/Users/valentina/.m2/repository/com/zaxxer/HikariCP/3.4.2/HikariCP-3.4.2.jar:/Users/valentina/.m2/repository/org/jgrapht/jgrapht-core/1.5.1/jgrapht-core-1.5.1.jar:/Users/valentina/.m2/repository/org/jheaps/jheaps/0.13/jheaps-0.13.jar:/Users/valentina/.m2/repository/org/mariadb/jdbc/mariadb-java-client/2.5.4/mariadb-java-client-2.5.4.jar:/Users/valentina/.m2/repository/org/slf4j/slf4j-api/1.7.30/slf4j-api-1.7.30.jar:/Users/valentina/.m2/repository/org/slf4j/slf4j-simple/1.7.30/slf4j-simple-1.7.30.jar
Launcher Type: SUN_STANDARD

[Global flags]
     intx CICompilerCount                          = 3                                         {product} {ergonomic}
     uint ConcGCThreads                            = 1                                         {product} {ergonomic}
     uint G1ConcRefinementThreads                  = 4                                         {product} {ergonomic}
   size_t G1HeapRegionSize                         = 1048576                                   {product} {ergonomic}
    uintx GCDrainStackTargetSize                   = 64                                        {product} {ergonomic}
   size_t InitialHeapSize                          = 134217728                                 {product} {ergonomic}
   size_t MarkStackSize                            = 4194304                                   {product} {ergonomic}
   size_t MaxHeapSize                              = 2147483648                                {product} {ergonomic}
   size_t MaxNewSize                               = 1287651328                                {product} {ergonomic}
   size_t MinHeapDeltaBytes                        = 1048576                                   {product} {ergonomic}
    uintx NonNMethodCodeHeapSize                   = 5830732                                {pd product} {ergonomic}
    uintx NonProfiledCodeHeapSize                  = 122913754                              {pd product} {ergonomic}
    uintx ProfiledCodeHeapSize                     = 122913754                              {pd product} {ergonomic}
    uintx ReservedCodeCacheSize                    = 251658240                              {pd product} {ergonomic}
     bool SegmentedCodeCache                       = true                                      {product} {ergonomic}
     bool UseCompressedClassPointers               = true                                 {lp64_product} {ergonomic}
     bool UseCompressedOops                        = true                                 {lp64_product} {ergonomic}
     bool UseG1GC                                  = true                                      {product} {ergonomic}

Logging:
Log output configuration:
 #0: stdout all=warning uptime,level,tags
 #1: stderr all=off uptime,level,tags

Environment Variables:
PATH=/usr/bin:/bin:/usr/sbin:/sbin
SHELL=/bin/bash

Signal Handlers:
SIGSEGV: [libjvm.dylib+0x7c69d4], sa_mask[0]=11111111011111110111111111111111, sa_flags=SA_ONSTACK|SA_RESTART|SA_SIGINFO
SIGBUS: [libjvm.dylib+0x7c69d4], sa_mask[0]=11111111011111110111111111111111, sa_flags=SA_RESTART|SA_SIGINFO
SIGFPE: [libjvm.dylib+0x7c69d4], sa_mask[0]=11111111011111110111111111111111, sa_flags=SA_RESTART|SA_SIGINFO
SIGPIPE: [libjvm.dylib+0x62b2ae], sa_mask[0]=11111111011111110111111111111111, sa_flags=SA_RESTART|SA_SIGINFO
SIGXFSZ: [libjvm.dylib+0x62b2ae], sa_mask[0]=11111111011111110111111111111111, sa_flags=SA_RESTART|SA_SIGINFO
SIGILL: [libjvm.dylib+0x7c69d4], sa_mask[0]=11111111011111110111111111111111, sa_flags=SA_RESTART|SA_SIGINFO
SIGUSR2: [libjvm.dylib+0x62b895], sa_mask[0]=00100000000000000000000000000000, sa_flags=SA_RESTART|SA_SIGINFO
SIGHUP: [libjvm.dylib+0x62a477], sa_mask[0]=11111111011111110111111111111111, sa_flags=SA_RESTART|SA_SIGINFO
SIGINT: [libjvm.dylib+0x62a477], sa_mask[0]=11111111011111110111111111111111, sa_flags=SA_RESTART|SA_SIGINFO
SIGTERM: [libjvm.dylib+0x62a477], sa_mask[0]=11111111011111110111111111111111, sa_flags=SA_RESTART|SA_SIGINFO
SIGQUIT: [libjvm.dylib+0x62a477], sa_mask[0]=11111111011111110111111111111111, sa_flags=SA_RESTART|SA_SIGINFO


---------------  S Y S T E M  ---------------

OS:uname:Darwin 21.3.0 Darwin Kernel Version 21.3.0: Wed Jan  5 21:37:58 PST 2022; root:xnu-8019.80.24~20/RELEASE_X86_64 x86_64
OS uptime: 7 days 19:34 hours
rlimit (soft/hard): STACK 8192k/65532k , CORE 0k/infinity , NPROC 1392/2088 , NOFILE 10240/infinity , AS infinity/infinity , CPU infinity/infinity , DATA infinity/infinity , FSIZE infinity/infinity , MEMLOCK infinity/infinity , RSS infinity/infinity
load average:5.43 4.24 3.85

CPU:total 4 (initial active 4) (2 cores per cpu, 2 threads per core) family 6 model 61 stepping 4 microcode 0x2f, cmov, cx8, fxsr, mmx, sse, sse2, sse3, ssse3, sse4.1, sse4.2, popcnt, avx, avx2, aes, clmul, erms, 3dnowpref, lzcnt, ht, tsc, tscinvbit, bmi1, bmi2, adx, fma

Memory: 4k page, physical 8388608k(26144k free), swap 2097152k(894464k free)

vm_info: OpenJDK 64-Bit Server VM (11.0.14.1+1) for bsd-amd64 JRE (11.0.14.1+1), built on Feb  8 2022 17:43:13 by "jenkins" with clang 4.2.1 Compatible Apple LLVM 10.0.1 (clang-1001.0.46.4)

END.
